<?xml version="1.0" encoding="UTF-8"?>
<!-- Generated by org.testng.reporters.JUnitReportReporter -->
<testsuite hostname="LAPTOP-LPHJOHGL" failures="0" tests="3" name="TestClasses.loginpage" time="2.306" errors="0" timestamp="2023-05-26T01:22:56 IST" skipped="0">
  <testcase classname="TestClasses.loginpage" name="Username1" time="0.763"/>
  <system-out/>
  <testcase classname="TestClasses.loginpage" name="Password1" time="0.126"/>
  <system-out/>
  <testcase classname="TestClasses.loginpage" name="login1" time="1.417"/>
  <system-out/>
</testsuite> <!-- TestClasses.loginpage -->
