<?xml version="1.0" encoding="UTF-8"?>
<!-- Generated by org.testng.reporters.JUnitReportReporter -->
<testsuite hostname="LAPTOP-LPHJOHGL" failures="0" tests="3" name="TestClasses.loginpage" time="3.270" errors="0" timestamp="2023-05-26T01:48:53 IST" skipped="0">
  <testcase classname="TestClasses.loginpage" name="Username1" time="0.865"/>
  <system-out/>
  <testcase classname="TestClasses.loginpage" name="Password1" time="0.140"/>
  <system-out/>
  <testcase classname="TestClasses.loginpage" name="login1" time="2.265"/>
  <system-out/>
</testsuite> <!-- TestClasses.loginpage -->
